<?xml version="1.0" encoding="UTF-8"?>
<!-- Generated by org.testng.reporters.JUnitReportReporter -->
<testsuite hostname="DESKTOP-60CUGND" failures="0" tests="1" name="Constrcter.Testng123" time="0.009" errors="0" timestamp="2023-04-21T15:53:42 IST" skipped="0">
  <testcase classname="Constrcter.Testng123" name="test134" time="0.009"/>
  <system-out/>
</testsuite> <!-- Constrcter.Testng123 -->
